C51 COMPILER V9.00   MAIN                                                                  09/28/2015 22:59:48 PAGE 1   


C51 COMPILER V9.00, COMPILATION OF MODULE MAIN
OBJECT MODULE PLACED IN .\Objects\main.obj
COMPILER INVOKED BY: D:\PrjSW\Keil5\C51\BIN\C51.EXE ..\USER\main.c OMF2 OPTIMIZE(8,SPEED) BROWSE INCDIR(..\FsBSP\inc;..\
                    -FsBSP\src;..\STCLib\inc;..\STCLib\src;..\USER) DEBUG PRINT(.\Listings\main.lst) OBJECT(.\Objects\main.obj)

line level    source

   1          /* ****************************** 作者：残弈悟恩 *****************************************
   2           * 文件名称 : main.c
   3           * 文件描述 : 红外解码 + 数码管
   4           * 硬件平台 ：w天三 FSST15实验板
   5           * 软件环境 ：Keil uVision5.13
   6           * 
   7           * 版本代号     : V1.0                                          
   8           * 修改日期     : 2015-09-15
   9           * 技术论坛 ：电子工程师基地（http://www.ieebase.net）
  10           * 淘宝店铺 ：http://fsmcu.taobao.com
  11           * 例程说明 ：本例程为教材《与STC15单片机牵手的那些年》（清华大学出版社）配套例程
  12                                    为视频《深入浅出玩转STC15单片机》配套例程（录制100讲--西安：愚公）
  13                                    视频和书籍均被STC（深圳宏晶科技）官方大学计划和高校高性能联合实验室权威推荐
  14          
  15           * Copyright (C), 2013-2015, 兰州文轩电子科技有限公司/清华大学出版社
  16           
  17           * 仅供学习使用，未经作者许可，不得用于其它商业用途，盗版必究。
  18          ************************************************************************************** */
  19          
  20          #include "BSP_Include.h"
  21          
  22          sbit LedModel = P3^4;           //模式灯
  23          sbit KeyOnOff_IO = P3^2;                //开机按键
  24          
  25          extern bit g_bKeyScanFlag;
  26          
  27          typedef enum KeyEnum{StateInit,PrsDownOk,KeyOnOff,KeyModel};    
  28          /* =================  未按下，       按下，     开关，   模式  ============= */
  29          
  30          void Timer_ConfigInit(void)
  31          {
  32   1              TIM_InitTypeDef         TIM_InitStructure;                                      //结构定义
  33   1      
  34   1              TIM_InitStructure.TIM_Mode      = TIM_16BitAutoReload;  //工作模式，TIM_16BitAutoReload
  35   1              TIM_InitStructure.TIM_Polity    = PolityLow;                    //中断优先级，PolityLow
  36   1              TIM_InitStructure.TIM_Interrupt = ENABLE;                               //否允许 ENABLE
  37   1              TIM_InitStructure.TIM_ClkSource = TIM_CLOCK_1T;                 //时钟源，TIM_CLOCK_1T
  38   1              TIM_InitStructure.TIM_ClkOut    = DISABLE;                              //不输出高速脉冲
  39   1              TIM_InitStructure.TIM_Value     = 65425;                                //初值，定时10us
  40   1              TIM_InitStructure.TIM_Run       = ENABLE;                               //启动定时器,ENABLE
  41   1              Timer_Inilize(Timer0,&TIM_InitStructure);                               //初始化Timer0
  42   1              
  43   1              TIM_InitStructure.TIM_ClkSource = TIM_CLOCK_12T;                //时钟源，TIM_CLOCK_12T
  44   1              TIM_InitStructure.TIM_Value     = 47104;                                //初值，定时20ms
  45   1              Timer_Inilize(Timer2,&TIM_InitStructure);                               //初始化Timer2
  46   1      }
  47          
  48          void Interrupt_ConfigInit(void)
  49          {
  50   1              EXTI_InitTypeDef        EXTI_InitStructure;                                     //结构定义
  51   1          
  52   1              EXTI_InitStructure.EXTI_Polity    = PolityHigh;                 //中断优先级, PolityHigh
  53   1              EXTI_InitStructure.EXTI_Interrupt = ENABLE;                             //中断允许,  ENABLE
  54   1              Ext_Inilize(EXT_INT4,&EXTI_InitStructure);                              //初始化INT0,EXT_INT0
C51 COMPILER V9.00   MAIN                                                                  09/28/2015 22:59:48 PAGE 2   

  55   1      }
  56          
  57          void KeyScan(void)   //按键扫描
  58          {
  59   1              static u8 KeyStateTemp=0,KeyTime=0;     //按键动作序号,开关计时,长按计时
  60   1              static bit bModelFlag=1;                                //自动和手动下载模式切换标志位
  61   1              
  62   1              switch (KeyStateTemp)
  63   1              {
  64   2                      case StateInit:         //未按状态
  65   2                              if(KeyOnOff_IO)
  66   2                                      KeyStateTemp = StateInit;
  67   2                              else KeyStateTemp = PrsDownOk;
  68   2                      break;
  69   2                              
  70   2                      case PrsDownOk:         //有按下的状态(状态未知，有抖动的可能)
  71   2                              if(KeyOnOff_IO) KeyStateTemp = StateInit;
  72   2                              else KeyStateTemp = KeyOnOff;   //真的被按下，进入开关机状态    
  73   2                      break;
  74   2                      
  75   2                      case KeyOnOff:          //开关机控制状态
  76   2                              if(KeyOnOff_IO)
  77   2                              {
  78   3                                      KeyTime = 0;
  79   3                                      OnOff_IO =~ OnOff_IO;           //单按一次，切换开机和关机
  80   3                                      KeyStateTemp = StateInit;
  81   3                              }
  82   2                              else
  83   2                              {
  84   3                                      KeyTime++;
  85   3                                      if (KeyTime >= 50)                      //长按超过1S(20ms*50)则切换到模式状态
  86   3                                      {
  87   4                                              KeyTime=0;
  88   4                                              KeyStateTemp = KeyModel;
  89   4                                      }
  90   3                              }
  91   2                      break;
  92   2                              
  93   2                      case KeyModel:          //模式里切换是自动下载还是手动模式
  94   2                              bModelFlag =~ bModelFlag;
  95   2                              if(bModelFlag)          //自动下载模式   
  96   2                              {
  97   3                                      INT_CLKO |= 0x40;       //开启外部中断4
  98   3                                      LedModel = 0;                   //模式灯亮，代表是自动下载模式
  99   3                              }
 100   2                              else                    // 手动模式
 101   2                              {
 102   3                                      INT_CLKO &= 0xbf;       //关闭外部中断4
 103   3                                      LedModel = 1;                   //模式灯不亮，代表是冷启动模式
 104   3                              }
 105   2                              KeyStateTemp = StateInit;
 106   2                              IE2 &= 0xfb;    //关闭定时器2，防止长按按键时乱闪
 107   2                      break;
 108   2                      default:        KeyStateTemp=StateInit;         break;
 109   2              }
 110   1      }
 111          
 112          void main(void)
 113          {
 114   1              Delay_ms(10);                   // 待上电稳定
 115   1              
 116   1              EA = 1;                                 // 开总中断
C51 COMPILER V9.00   MAIN                                                                  09/28/2015 22:59:48 PAGE 3   

 117   1              
 118   1              GPIO_ConfigInit();              // 初始化端口
 119   1              Timer_ConfigInit();             // 初始化定时器
 120   1              Interrupt_ConfigInit(); // 初始化中断
 121   1              
 122   1              for(;;)
 123   1              {
 124   2                      if(g_bKeyScanFlag == 1)         //在定时器2中中置位，作用是每过20S扫描一次按键
 125   2                      {
 126   3                              g_bKeyScanFlag = 0;
 127   3                              KeyScan();
 128   3                      }
 129   2                      if(KeyOnOff_IO) IE2 |=0x04;  //开启定时器2
 130   2              }
 131   1      }
 132          
 133          /* *********************************** End of File *********************************** */


MODULE INFORMATION:   STATIC OVERLAYABLE
   CODE SIZE        =    189    ----
   CONSTANT SIZE    =   ----    ----
   XDATA SIZE       =   ----    ----
   PDATA SIZE       =   ----    ----
   DATA SIZE        =      2      11
   IDATA SIZE       =   ----    ----
   BIT SIZE         =      1    ----
   EDATA SIZE       =   ----    ----
   HDATA SIZE       =   ----    ----
   XDATA CONST SIZE =   ----    ----
   FAR CONST SIZE   =   ----    ----
END OF MODULE INFORMATION.


C51 COMPILATION COMPLETE.  0 WARNING(S),  0 ERROR(S)
