C51 COMPILER V9.00   STC15_EXTI                                                            09/28/2015 22:59:47 PAGE 1   


C51 COMPILER V9.00, COMPILATION OF MODULE STC15_EXTI
OBJECT MODULE PLACED IN .\Objects\stc15_exti.obj
COMPILER INVOKED BY: D:\PrjSW\Keil5\C51\BIN\C51.EXE ..\STCLib\src\stc15_exti.c OMF2 OPTIMIZE(8,SPEED) BROWSE INCDIR(..\F
                    -sBSP\inc;..\FsBSP\src;..\STCLib\inc;..\STCLib\src;..\USER) DEBUG PRINT(.\Listings\stc15_exti.lst) OBJECT(.\Objects\stc15
                    -_exti.obj)

line level    source

   1          /* ****************************** 作者：残弈悟恩 *****************************************
   2           * 文件名称 : stc15_exti.c
   3           * 硬件平台 ：w天三 FSST15实验板
   4           * 软件环境 ：Keil uVision5.13
   5           * 
   6           * 版本代号     : V1.0                                          
   7           * 修改日期     : 2015-08-29
   8           * 技术论坛 ：电子工程师基地（http://www.ieebase.net）
   9           * 淘宝店铺 ：http://fsmcu.taobao.com
  10           * 例程说明 ：本例程为教材《与STC15单片机牵手的那些年》（清华大学出版社）配套例程
  11                                    为视频《深入浅出玩转STC15单片机》配套例程（录制100讲--西安：愚公）
  12                                    视频和书籍均被STC（深圳宏晶科技）官方大学计划和高校高性能联合实验室权威推荐
  13          
  14           * Copyright (C), 2013-2015, 刘平（xymbmcu@163.com）/清华大学出版社/STC MCU International Limited
  15           
  16           * 仅供学习使用，未经作者许可，不得用于其它商业用途，盗版必究。
  17          ************************************************************************************** */
  18          
  19          #include        "stc15_exti.h"
  20          
  21          extern u16 g_uiCnt_Time;        //变量在stc15_timer.c 中定义
  22          
  23          bit g_bProgmOK = 0;                     //下载检测OK标准位
  24          
  25          
  26          /********************* INT0中断函数 *************************/
  27          void Ext_INT0 (void) interrupt INT0_VECTOR              //进中断时已经清除标志
  28          {
  29   1      
  30   1      }
  31          
  32          /********************* INT1中断函数 *************************/
  33          void Ext_INT1 (void) interrupt INT1_VECTOR              //进中断时已经清除标志
  34          {
  35   1              ;
  36   1      }
  37          
  38          /********************* INT2中断函数 *************************/
  39          void Ext_INT2 (void) interrupt INT2_VECTOR      //
  40          {
  41   1              ;
  42   1      }
  43          
  44          /********************* INT3中断函数 *************************/
  45          void Ext_INT3 (void) interrupt INT3_VECTOR
  46          {
  47   1              ;
  48   1      }
  49          
  50          /********************* INT4中断函数 *************************/
  51          void Ext_INT4 (void) interrupt INT4_VECTOR
  52          {
  53   1              static u8 uIntCnt = 0;          //被中断的次数，一个周期为2次
C51 COMPILER V9.00   STC15_EXTI                                                            09/28/2015 22:59:47 PAGE 2   

  54   1              static u8 uProgmCnt = 0;        //下载软件发送下载码的次数，为稳定，多计数几次
  55   1              
  56   1              uIntCnt++;
  57   1              if(uIntCnt == 3)
  58   1              {               
  59   2                      uIntCnt = 1;
  60   2                      if((g_uiCnt_Time > 800) && (g_uiCnt_Time < 2200))
  61   2                      {
  62   3                              g_uiCnt_Time = 0;
  63   3                              if(uProgmCnt++ > 10)    //接收到了10个下载码，可以确定是下载信号
  64   3                              {
  65   4                                      uProgmCnt = 0;          //清零
  66   4                                      g_bProgmOK = 1;         //下载确认OK，置位标志位
  67   4                                      INT_CLKO &= 0xbf;   //关闭外部中断4，防止没重启完又进去下载冷启动状态
  68   4                              }
  69   3                      }
  70   2                      else                                            //不是下载信号，直接清零
  71   2                      {
  72   3                              uProgmCnt = 0;                  
  73   3                              g_uiCnt_Time = 0;
  74   3                      }
  75   2              }
  76   1      }
  77          
  78          //========================================================================
  79          // 函数: u8     Ext_Inilize(u8 EXT, EXTI_InitTypeDef *INTx)
  80          // 描述: 外部中断初始化程序.
  81          // 参数: INTx: 结构参数,请参考Exti.h里的定义.
  82          // 返回: 成功返回0, 空操作返回1,错误返回2.
  83          // 版本: V1.0, 2012-10-22
  84          // 注意：上升 下降沿中断只适用INT0 1; INT234不用设置中断沿,因为是固定的下降沿
  85          //========================================================================
  86          u8      Ext_Inilize(u8 EXT, EXTI_InitTypeDef *INTx)
  87          {
  88   1              if(EXT >  EXT_INT4)     return 1;       //空操作
  89   1              
  90   1              if(EXT == EXT_INT0)     //外中断0
  91   1              {
  92   2                      if(INTx->EXTI_Interrupt == ENABLE)              EX0 = 1;        //允许中断
  93   2                      else                                                                    EX0 = 0;        //禁止中断
  94   2                      if(INTx->EXTI_Polity == PolityHigh)             PX0 = 1;        //高优先级中断
  95   2                      else                                                                    PX0 = 0;        //低优先级中断
  96   2                      if(INTx->EXTI_Mode == EXT_MODE_Fall)    IT0 = 1;        //下降沿中断
  97   2                      else                                                                    IT0 = 0;        //上升,下降沿中断
  98   2                      return  0;              //成功
  99   2              }
 100   1      
 101   1              if(EXT == EXT_INT1)     //外中断1
 102   1              {
 103   2                      if(INTx->EXTI_Interrupt == ENABLE)              EX1 = 1;        //允许中断
 104   2                      else                                                                    EX1 = 0;        //禁止中断
 105   2                      if(INTx->EXTI_Polity == PolityHigh)             PX1 = 1;        //高优先级中断
 106   2                      else                                                                    PX1 = 0;        //低优先级中断
 107   2                      if(INTx->EXTI_Mode == EXT_MODE_Fall)    IT1 = 1;        //下降沿中断
 108   2                      else                                                                    IT1 = 0;        //上升,下降沿中断
 109   2                      return  0;              //成功
 110   2              }
 111   1      
 112   1              if(EXT == EXT_INT2)             //外中断2, 固定为下降沿低优先级中断
 113   1              {
 114   2                      if(INTx->EXTI_Interrupt == ENABLE)      INT_CLKO |=  (1 << 4);  //允许中断      
 115   2                      else                                                            INT_CLKO &= ~(1 << 4);  //禁止中断
C51 COMPILER V9.00   STC15_EXTI                                                            09/28/2015 22:59:47 PAGE 3   

 116   2                      return  0;              //成功
 117   2              }
 118   1      
 119   1              if(EXT == EXT_INT3)             //外中断3, 固定为下降沿低优先级中断
 120   1              {
 121   2                      if(INTx->EXTI_Interrupt == ENABLE)      INT_CLKO |=  (1 << 5);  //允许中断      
 122   2                      else                                                            INT_CLKO &= ~(1 << 5);  //禁止中断
 123   2                      return  0;              //成功
 124   2              }
 125   1      
 126   1              if(EXT == EXT_INT4)             //外中断4, 固定为下降沿低优先级中断
 127   1              {
 128   2                      if(INTx->EXTI_Interrupt == ENABLE)      INT_CLKO |=  (1 << 6);  //允许中断      
 129   2                      else                                                            INT_CLKO &= ~(1 << 6);  //禁止中断
 130   2                      return  0;              //成功
 131   2              }
 132   1              return 2;       //失败
 133   1      }


MODULE INFORMATION:   STATIC OVERLAYABLE
   CODE SIZE        =    280    ----
   CONSTANT SIZE    =   ----    ----
   XDATA SIZE       =   ----    ----
   PDATA SIZE       =   ----    ----
   DATA SIZE        =      2    ----
   IDATA SIZE       =   ----    ----
   BIT SIZE         =      1    ----
   EDATA SIZE       =   ----    ----
   HDATA SIZE       =   ----    ----
   XDATA CONST SIZE =   ----    ----
   FAR CONST SIZE   =   ----    ----
END OF MODULE INFORMATION.


C51 COMPILATION COMPLETE.  0 WARNING(S),  0 ERROR(S)
