C51 COMPILER V9.00   FSBSP_1602                                                            09/28/2015 22:11:35 PAGE 1   


C51 COMPILER V9.00, COMPILATION OF MODULE FSBSP_1602
OBJECT MODULE PLACED IN .\Objects\FsBSP_1602.obj
COMPILER INVOKED BY: D:\PrjSW\Keil5\C51\BIN\C51.EXE ..\FsBSP\src\FsBSP_1602.c OMF2 OPTIMIZE(9,SPEED) BROWSE INCDIR(..\Fs
                    -BSP\inc;..\FsBSP\src;..\STCLib\inc;..\STCLib\src;..\USER) DEBUG PRINT(.\Listings\FsBSP_1602.lst) OBJECT(.\Objects\FsBSP_
                    -1602.obj)

line level    source

   1          /* ****************************** 作者：残弈悟恩 *****************************************
   2           * 文件名称 : FsBSP_1602.c
   3           * 文件描述 : 1602液晶的驱动程序
   4           * 硬件平台 ：w天三 FSST15实验板
   5           * 软件环境 ：Keil uVision5.13
   6           * 
   7           * 版本代号     : V1.0                                          
   8           * 修改日期     : 2015-08-30
   9           * 技术论坛 ：电子工程师基地（http://www.ieebase.net）
  10           * 淘宝店铺 ：http://fsmcu.taobao.com
  11           * 例程说明 ：本例程为教材《与STC15单片机牵手的那些年》（清华大学出版社）配套例程
  12                                    为视频《深入浅出玩转STC15单片机》配套例程（录制100讲--西安：愚公）
  13                                    视频和书籍均被STC（深圳宏晶科技）官方大学计划和高校高性能联合实验室权威推荐
  14          
  15           * Copyright (C), 2013-2015, 兰州文轩电子科技有限公司/清华大学出版社
  16           
  17           * 仅供学习使用，未经作者许可，不得用于其它商业用途，盗版必究。
  18          ************************************************************************************** */
  19          
  20          #include "FsBSP_1602.h"
  21          
  22          /* ***************************************************** */
  23          // 函数名称：DectectBusyBit()
  24          // 函数功能：液晶遇忙检测
  25          // 入口参数：无
  26          // 出口参数：无
  27          /* ***************************************************** */
  28          void DectectBusyBit(void)
  29          {   
  30   1              DB = 0xff;                              // 读状态值时，先赋高电平 
  31   1              RS = 0;
  32   1              RW = 1;                                 // 从液晶读数据
  33   1              EN = 1;
  34   1              Delay_ms(1);
  35   1              while(DB & 0x80);               // 若LCD忙，停止到这里，否则走起
  36   1              EN = 0;                                 // 之后将EN初始化为低电平 
  37   1      }
  38          /* ***************************************************** */
  39          // 函数名称：WrComLCD()
  40          // 函数功能：向液晶写命令
  41          // 入口参数：命令(ComVal)
  42          // 出口参数：无
  43          /* ***************************************************** */
  44          void WrComLCD(u8 ComVal)
  45          {
  46   1              DectectBusyBit();
  47   1              RS = 0;
  48   1              RW = 0;
  49   1              EN = 1;
  50   1              DB = ComVal;
  51   1              Delay_ms(1);
  52   1              EN = 0; 
  53   1      }
C51 COMPILER V9.00   FSBSP_1602                                                            09/28/2015 22:11:35 PAGE 2   

  54          /* ***************************************************** */
  55          // 函数名称：WrDatLCD()
  56          // 函数功能：向液晶写数据
  57          // 入口参数：数据(DatVal)
  58          // 出口参数：无
  59          /* ***************************************************** */
  60          void WrDatLCD(u8 DatVal)
  61          {
  62   1                      DectectBusyBit();
  63   1                      RS = 1;
  64   1                      RW = 0;
  65   1                      EN = 1; 
  66   1                      DB = DatVal;
  67   1                      Delay_ms(1);
  68   1                      EN = 0; 
  69   1      }
  70          /* ***************************************************** */
  71          // 函数名称：LcdSetCursor(u8 x, u8 y)
  72          // 函数功能：设置显示起始地址
  73          // 入口参数：u8 x, u8 y，即光标的坐标位置
  74          // 出口参数：无
  75          /* ***************************************************** */
  76          void LcdSetCursor(u8 x, u8 y)
  77          {
  78   1              u8 addr;
  79   1              if(y == 0)
  80   1                      addr = 0x00 + x;
  81   1              else
  82   1                      addr = 0x40 + x;
  83   1              WrComLCD(addr | 0x80);
  84   1              Delay_ms(1);
  85   1      }
  86          /* ***************************************************** */
  87          // 函数名称：LcdShowStr(u8 x, u8 y, u8 *str)
  88          // 函数功能：设置字符串的显示
  89          // 入口参数：u8 x, u8 y（即光标的坐标位置）u8 *str是字符串指针
  90          // 出口参数：无
  91          /* ***************************************************** */
  92          void LcdShowStr(u8 x, u8 y, u8 *str)
  93          {
  94   1              LcdSetCursor(x, y);
  95   1              while(*str != '\0')
  96   1              {
  97   2                      WrDatLCD(*str++); 
  98   2                      Delay_ms(1);
  99   2              }
 100   1      }
 101          /* ***************************************************** */
 102          // 函数名称：LCD_Init()
 103          // 函数功能：液晶初始化
 104          // 入口参数：无
 105          // 出口参数：无
 106          /* ***************************************************** */
 107          void LCD_Init(void)
 108          { 
 109   1                      WrComLCD(0x38);         // 16*2行显示、5*7点阵、8位数据接口
 110   1                      Delay_ms(5);            // 稍作延时
 111   1                      WrComLCD(0x38);         // 重新设置一遍
 112   1                      WrComLCD(0x01);         // 显示清屏 
 113   1                      WrComLCD(0x06);         // 光标自增、画面不动  
 114   1                      Delay_ms(5);                    // 稍作延时
 115   1                      WrComLCD(0x0C);         // 开显示、关光标并不闪烁
C51 COMPILER V9.00   FSBSP_1602                                                            09/28/2015 22:11:35 PAGE 3   

 116   1      }
 117          
 118          /* *********************************** End of File *********************************** */


MODULE INFORMATION:   STATIC OVERLAYABLE
   CODE SIZE        =    185    ----
   CONSTANT SIZE    =   ----    ----
   XDATA SIZE       =   ----    ----
   PDATA SIZE       =   ----    ----
   DATA SIZE        =   ----       6
   IDATA SIZE       =   ----    ----
   BIT SIZE         =   ----    ----
   EDATA SIZE       =   ----    ----
   HDATA SIZE       =   ----    ----
   XDATA CONST SIZE =   ----    ----
   FAR CONST SIZE   =   ----    ----
END OF MODULE INFORMATION.


C51 COMPILATION COMPLETE.  0 WARNING(S),  0 ERROR(S)
