C51 COMPILER V9.00   FSBSP_LM75A                                                           09/28/2015 22:11:35 PAGE 1   


C51 COMPILER V9.00, COMPILATION OF MODULE FSBSP_LM75A
OBJECT MODULE PLACED IN .\Objects\FsBSP_LM75A.obj
COMPILER INVOKED BY: D:\PrjSW\Keil5\C51\BIN\C51.EXE ..\FsBSP\src\FsBSP_LM75A.c OMF2 OPTIMIZE(9,SPEED) BROWSE INCDIR(..\F
                    -sBSP\inc;..\FsBSP\src;..\STCLib\inc;..\STCLib\src;..\USER) DEBUG PRINT(.\Listings\FsBSP_LM75A.lst) OBJECT(.\Objects\FsBS
                    -P_LM75A.obj)

line level    source

   1          /* ****************************** 作者：残弈悟恩 *****************************************
   2           * 文件名称 ：FsBSP_LM75A.c
   3           * 文件描述 ：LM75A温度传感器驱动源码
   4           * 硬件平台 ：w天三 FSST15实验板
   5           * 软件环境 ：Keil uVision5.13
   6           * 
   7           * 版本代号 ：V1.0                                              
   8           * 修改日期 ：2015-09-16
   9           * 技术论坛 ：电子工程师基地（http://www.ieebase.net）
  10           * 淘宝店铺 ：http://fsmcu.taobao.com
  11           * 例程说明 ：本例程为教材《与STC15单片机牵手的那些年》（清华大学出版社）配套例程
  12                                    为视频《深入浅出玩转STC15单片机》配套例程（录制100讲--西安：愚公）
  13                                    视频和书籍均被STC（深圳宏晶科技）官方大学计划和高校高性能联合实验室权威推荐
  14          
  15           * Copyright (C), 2013-2015, 兰州文轩电子科技有限公司/清华大学出版社
  16           
  17           * 仅供学习使用，未经作者许可，不得用于其它商业用途，盗版必究。
  18          ************************************************************************************** */
  19          
  20          #include "FsBSP_LM75A.h"
  21          
  22          /* ***************************************************** */
  23          // 函数名称：DectectBusyBit()
  24          // 函数功能：液晶遇忙检测
  25          // 入口参数：无
  26          // 出口参数：无
  27          /* ***************************************************** */
  28          //void DectectBusyBit(void)
  29          //{   
  30          //      DB = 0xff;                              // 读状态值时，先赋高电平 
  31          //      RS = 0;
  32          //      RW = 1;                                 // 从液晶读数据
  33          //      EN = 1;
  34          //      Delay_ms(1);
  35          //      while(DB & 0x80);               // 若LCD忙，停止到这里，否则走起
  36          //      EN = 0;                                 // 之后将EN初始化为低电平 
  37          //}
  38          


MODULE INFORMATION:   STATIC OVERLAYABLE
   CODE SIZE        =   ----    ----
   CONSTANT SIZE    =   ----    ----
   XDATA SIZE       =   ----    ----
   PDATA SIZE       =   ----    ----
   DATA SIZE        =   ----    ----
   IDATA SIZE       =   ----    ----
   BIT SIZE         =   ----    ----
   EDATA SIZE       =   ----    ----
   HDATA SIZE       =   ----    ----
   XDATA CONST SIZE =   ----    ----
   FAR CONST SIZE   =   ----    ----
END OF MODULE INFORMATION.

C51 COMPILER V9.00   FSBSP_LM75A                                                           09/28/2015 22:11:35 PAGE 2   


C51 COMPILATION COMPLETE.  0 WARNING(S),  0 ERROR(S)
