C51 COMPILER V9.00   FSBSP_RDA5807M                                                        09/28/2015 22:18:55 PAGE 1   


C51 COMPILER V9.00, COMPILATION OF MODULE FSBSP_RDA5807M
OBJECT MODULE PLACED IN .\Objects\FsBSP_RDA5807M.obj
COMPILER INVOKED BY: D:\PrjSW\Keil5\C51\BIN\C51.EXE ..\FsBSP\src\FsBSP_RDA5807M.c OMF2 OPTIMIZE(9,SPEED) BROWSE INCDIR(.
                    -.\FsBSP\inc;..\FsBSP\src;..\STCLib\inc;..\STCLib\src;..\USER) DEBUG PRINT(.\Listings\FsBSP_RDA5807M.lst) OBJECT(.\Object
                    -s\FsBSP_RDA5807M.obj)

line level    source

   1          /* ****************************** 作者：残弈悟恩 *****************************************
   2           * 文件名称 ：FsBSP_RDA5807M.c
   3           * 文件描述 ：RDA5807M收音机驱动源码
   4           * 硬件平台 ：w天三 FSST15实验板
   5           * 软件环境 ：Keil uVision5.13
   6           * 
   7           * 版本代号 ：V1.0                                              
   8           * 修改日期 ：2015-09-16
   9           * 技术论坛 ：电子工程师基地（http://www.ieebase.net）
  10           * 淘宝店铺 ：http://fsmcu.taobao.com
  11           * 例程说明 ：本例程为教材《与STC15单片机牵手的那些年》（清华大学出版社）配套例程
  12                                    为视频《深入浅出玩转STC15单片机》配套例程（录制100讲--西安：愚公）
  13                                    视频和书籍均被STC（深圳宏晶科技）官方大学计划和高校高性能联合实验室权威推荐
  14          
  15           * Copyright (C), 2013-2015, 兰州文轩电子科技有限公司/清华大学出版社
  16           
  17           * 仅供学习使用，未经作者许可，不得用于其它商业用途，盗版必究。
  18          ************************************************************************************** */
  19          
  20          #include "FsBSP_RDA5807M.h"
  21          
  22          // 待写入RDA5807M寄存器的数据
  23          u8 xdata RDA5807_WrRegDat[8] =
  24          {
  25             0xd0,0x00,           // 02H
  26             0x00,0x00,           // 03H
  27             0x00,0x40,           // 04H
  28             0x90,0x88,           // 05H
  29          };
  30          // 待读出RDA5807M寄存器的数据
  31          u8 xdata RDA5807_RdRegDat[4] =
  32          {
  33             0x00,0x00,           // 0AH
  34             0x00,0x00,           // 0BH
  35          };
  36          
  37          /* ***************************************************** */
  38          // 函数名称：RDA5807M_WrReg()
  39          // 函数功能：连续向RDA5807M中写入N个数据
  40          // 入口参数：*p(待写入的数据)，ucLenVal写入数据的个数
  41          // 出口参数：无
  42          /* ***************************************************** */
  43          void RDA5807M_WrReg(u8 *p,u8 ucLenVal)
  44          {
  45   1              u8 iCount;        
  46   1              
  47   1              IIC_Start();                                            // 发送开始信号
  48   1              InputOneByte(RDA5807M_WrDevAddr);       // 输入器件地址(写操作)   
  49   1              IIC_RdAck();                                            // 读应答位
  50   1              for(iCount = 0;iCount < ucLenVal;iCount++)
  51   1              {
  52   2                      InputOneByte(*p++);                             // 写入数据
  53   2                      IIC_RdAck();                                    // 读应答位
C51 COMPILER V9.00   FSBSP_RDA5807M                                                        09/28/2015 22:18:55 PAGE 2   

  54   2              }
  55   1              IIC_Stop();                                             // 产生停止信号
  56   1      }
  57          
  58          /* ***************************************************** */
  59          // 函数名称：RDA5807M_RdReg()
  60          // 函数功能：连续向RDA5807M读取N个数据
  61          // 入口参数：*p(待读出的数据)，ucLenVal读出数据的个数
  62          // 出口参数：无
  63          /* ***************************************************** */
  64          void RDA5807M_RdReg(u8 *p,u8 ucLenVal)
  65          {
  66   1              u8 iCount;        
  67   1              
  68   1              IIC_Start();                                            // 发送开始信号
  69   1              InputOneByte(RDA5807M_RdDevAddr);       // 输入器件地址   
  70   1              IIC_RdAck();                                            // 读应答位
  71   1              for(iCount = 0;iCount < ucLenVal;iCount++)
  72   1              {
  73   2                      *p++ = OutputOneByte();
  74   2                      if(iCount != (ucLenVal - 1))    
  75   2                              IIC_Ack();    
  76   2              }
  77   1              IIC_Nack();
  78   1              IIC_Stop();                                             // 产生停止信号
  79   1      }
  80          
  81          /* ***************************************************** */
  82          // 函数名称：RDA5807M_PowerOnAndInit()
  83          // 函数功能：给RDA5807M收音机上电，并初始化收音机
  84          // 入口参数：
  85          // 出口参数：
  86          /* ***************************************************** */
  87          void RDA5807M_PowerOnAndInit(void)
  88          {
  89   1              Delay_ms(5);
  90   1              RDA5807_WrRegDat[0] = 0x00;
  91   1              RDA5807_WrRegDat[1] = 0x02;             // 发送软件复位指令
  92   1              RDA5807M_WrReg(RDA5807_WrRegDat,2);
  93   1              Delay_ms(5);
  94   1              RDA5807_WrRegDat[0] = 0xd0;
  95   1              RDA5807_WrRegDat[1] = 0x01;             // 为收音机上电，并初始化
  96   1              RDA5807M_WrReg(RDA5807_WrRegDat,8);
  97   1      }
  98          
  99          /* ***************************************************** */
 100          // 函数名称：RDA5807M_AutoSeek()
 101          // 函数功能：RDA5807M收音机自动寻台模式
 102          // 入口参数：bit（bUpAndDown），1：向下寻台   0：向上寻台
 103          // 出口参数：
 104          /* ***************************************************** */
 105          void RDA5807M_AutoSeek(bit bUpAndDown)
 106          {
 107   1              u16 CurFreqPoint;                                               //当前工作频点
 108   1      
 109   1              RDA5807_WrRegDat[3] &= ~(1 << 4);               //禁用调谐。Tune位清零
 110   1      
 111   1              if(bUpAndDown)
 112   1                      RDA5807_WrRegDat[0] &= ~(1 << 1);       //向下自动寻台
 113   1              else
 114   1                      RDA5807_WrRegDat[0] |= (1 << 1);        //向上自动寻台
 115   1      
C51 COMPILER V9.00   FSBSP_RDA5807M                                                        09/28/2015 22:18:55 PAGE 3   

 116   1              RDA5807_WrRegDat[0] |= (1 << 0);        //SEEK位置1，内部自动寻台使能
 117   1              RDA5807M_WrReg(RDA5807_WrRegDat,4);             //将设置好的数据写入寄存器
 118   1      
 119   1              // 等待STC 标志置位
 120   1              while(0 == (RDA5807_RdRegDat[0] & 0x40))
 121   1              {
 122   2                      Delay_ms(20);
 123   2                      RDA5807M_RdReg(RDA5807_RdRegDat,4);     //获取当前工作频点
 124   2              }
 125   1              Delay_ms(5000);
 126   1              Delay_ms(5000);
 127   1              CurFreqPoint = RDA5807_RdRegDat[0] & 0x03;                      //读取的频点为【9:0】
 128   1              CurFreqPoint = RDA5807_RdRegDat[1] | (CurFreqPoint << 8);
 129   1              CurFreqPoint = CurFreqPoint << 6;                                       //保存频点的寄存器为【15:9】
 130   1      
 131   1              RDA5807_WrRegDat[2] = (CurFreqPoint >> 8) & 0xff;       //保存当前工作频点
 132   1              RDA5807_WrRegDat[3] = (CurFreqPoint & 0xff);
 133   1      }
 134          
 135          /* ***************************************************** */
 136          // 函数名称：RDA5807M_AutoSeek()
 137          // 函数功能：设置RDA5807M收音机的声音
 138          // 入口参数：bit（bUpAndDown），1：声音递增   0：声音减小
 139          // 出口参数：
 140          /* ***************************************************** */
 141          void RDA5807M_SetVolume(bit bUpAndDown)
 142          {
 143   1              if(bUpAndDown)
 144   1              {
 145   2                      if((RDA5807_WrRegDat[7] & 0x0f) < 0x0f) // 只有音量不是最大时，才可加
 146   2                      {
 147   3                              RDA5807_WrRegDat[0] = 0xd0;
 148   3                              RDA5807_WrRegDat[1] = 0x01;
 149   3                              RDA5807_WrRegDat[3] &= ~(1 << 4);       // 禁用调谐。Tune位清零
 150   3      
 151   3                              RDA5807_WrRegDat[7]++;                          // 音量递增
 152   3                              RDA5807M_WrReg(RDA5807_WrRegDat,8);
 153   3                      }
 154   2              }
 155   1              else
 156   1              {
 157   2                      if((RDA5807_WrRegDat[7] & 0x0f) > 0x00) // 只有音量不是最小时，才可减
 158   2                      {
 159   3                              RDA5807_WrRegDat[0] = 0xd0;
 160   3                              RDA5807_WrRegDat[1] = 0x01;
 161   3                              RDA5807_WrRegDat[3] &= ~(1 << 4);       // 禁用调谐。Tune位清零
 162   3      
 163   3                              RDA5807_WrRegDat[7]--;                          // 音量递减
 164   3                              RDA5807M_WrReg(RDA5807_WrRegDat,8);
 165   3                      }
 166   2              }
 167   1      }


MODULE INFORMATION:   STATIC OVERLAYABLE
   CODE SIZE        =    366    ----
   CONSTANT SIZE    =   ----    ----
   XDATA SIZE       =     12    ----
   PDATA SIZE       =   ----    ----
   DATA SIZE        =   ----      10
   IDATA SIZE       =   ----    ----
   BIT SIZE         =   ----       2
C51 COMPILER V9.00   FSBSP_RDA5807M                                                        09/28/2015 22:18:55 PAGE 4   

   EDATA SIZE       =   ----    ----
   HDATA SIZE       =   ----    ----
   XDATA CONST SIZE =   ----    ----
   FAR CONST SIZE   =   ----    ----
END OF MODULE INFORMATION.


C51 COMPILATION COMPLETE.  0 WARNING(S),  0 ERROR(S)
