C51 COMPILER V9.00   MAIN                                                                  10/06/2015 08:34:49 PAGE 1   


C51 COMPILER V9.00, COMPILATION OF MODULE MAIN
OBJECT MODULE PLACED IN .\Objects\main.obj
COMPILER INVOKED BY: D:\PrjSW\Keil5\C51\BIN\C51.EXE ..\USER\main.c OMF2 OPTIMIZE(9,SPEED) BROWSE INCDIR(..\FsBSP\inc;..\
                    -FsBSP\src;..\STCLib\inc;..\STCLib\src;..\USER) DEBUG PRINT(.\Listings\main.lst) OBJECT(.\Objects\main.obj)

line level    source

   1          /* ****************************** 作者：残弈悟恩 *****************************************
   2           * 文件名称 ：main.c
   3           * 文件描述 ：多功能收音机
   4           * 硬件平台 ：w天三 FSST15实验板
   5           * 软件环境 ：Keil uVision5.13
   6           * 
   7           * 版本代号 ：V1.0                                              
   8           * 修改日期 ：2015-09-16
   9           * 技术论坛 ：电子工程师基地（http://www.ieebase.net）
  10           * 淘宝店铺 ：http://fsmcu.taobao.com
  11           * 例程说明 ：本例程为教材《与STC15单片机牵手的那些年》（清华大学出版社）配套例程
  12                                    为视频《深入浅出玩转STC15单片机》配套例程（录制100讲--西安：愚公）
  13                                    视频和书籍均被STC（深圳宏晶科技）官方大学计划和高校高性能联合实验室权威推荐
  14          
  15           * Copyright (C), 2013-2015, 兰州文轩电子科技有限公司/清华大学出版社
  16           
  17           * 仅供学习使用，未经作者许可，不得用于其它商业用途，盗版必究。
  18          ************************************************************************************** */
  19          
  20          #include "BSP_Include.h"
  21          
  22          void Test()
  23          {
  24   1              RDA5807M_AutoSeek(1);
  25   1      }
  26                  
  27          void main(void)
  28          {
  29   1              Delay_ms(10);           // 待上电稳定
  30   1              
  31   1              GPIO_ConfigInit();
  32   1              
  33   1              RDA5807M_PowerOnAndInit();
  34   1              
  35   1              while(1)
  36   1              {
  37   2                      Test();
  38   2              }
  39   1      }
  40          
  41          /* *********************************** End of File *********************************** */


MODULE INFORMATION:   STATIC OVERLAYABLE
   CODE SIZE        =     23    ----
   CONSTANT SIZE    =   ----    ----
   XDATA SIZE       =   ----    ----
   PDATA SIZE       =   ----    ----
   DATA SIZE        =   ----    ----
   IDATA SIZE       =   ----    ----
   BIT SIZE         =   ----    ----
   EDATA SIZE       =   ----    ----
   HDATA SIZE       =   ----    ----
   XDATA CONST SIZE =   ----    ----
C51 COMPILER V9.00   MAIN                                                                  10/06/2015 08:34:49 PAGE 2   

   FAR CONST SIZE   =   ----    ----
END OF MODULE INFORMATION.


C51 COMPILATION COMPLETE.  0 WARNING(S),  0 ERROR(S)
