C51 COMPILER V9.00   STC15_DELAY                                                           09/28/2015 22:11:36 PAGE 1   


C51 COMPILER V9.00, COMPILATION OF MODULE STC15_DELAY
OBJECT MODULE PLACED IN .\Objects\stc15_delay.obj
COMPILER INVOKED BY: D:\PrjSW\Keil5\C51\BIN\C51.EXE ..\STCLib\src\stc15_delay.c OMF2 OPTIMIZE(9,SPEED) BROWSE INCDIR(..\
                    -FsBSP\inc;..\FsBSP\src;..\STCLib\inc;..\STCLib\src;..\USER) DEBUG PRINT(.\Listings\stc15_delay.lst) OBJECT(.\Objects\stc
                    -15_delay.obj)

line level    source

   1          /* ****************************** 作者：残弈悟恩 *****************************************
   2           * 文件名称 : stc15_delay.c
   3           * 硬件平台 ：w天三 FSST15实验板
   4           * 软件环境 ：Keil uVision5.13
   5           * 
   6           * 版本代号     : V1.0                                          
   7           * 修改日期     : 2015-08-29
   8           * 技术论坛 ：电子工程师基地（http://www.ieebase.net）
   9           * 淘宝店铺 ：http://fsmcu.taobao.com
  10           * 例程说明 ：本例程为教材《与STC15单片机牵手的那些年》（清华大学出版社）配套例程
  11                                    为视频《深入浅出玩转STC15单片机》配套例程（录制100讲--西安：愚公）
  12                                    视频和书籍均被STC（深圳宏晶科技）官方大学计划和高校高性能联合实验室权威推荐
  13          
  14           * Copyright (C), 2013-2015, 刘平（xymbmcu@163.com）/清华大学出版社/STC MCU International Limited
  15           
  16           * 仅供学习使用，未经作者许可，不得用于其它商业用途，盗版必究。
  17          ************************************************************************************** */
  18          
  19          #include        "stc15_delay.h"
  20          
  21          //========================================================================
  22          // 函数: void  delay_ms(u16 ms)
  23          // 描述: 延时函数。
  24          // 参数: ms,要延时的ms数, 这里支持1~65535ms. 自动适应主时钟.
  25          // 返回: none.
  26          // 版本: VER1.0
  27          // 日期: 2013-4-1
  28          // 备注: 
  29          //========================================================================
  30          void  Delay_ms(u16 ms)
  31          {
  32   1           u16 i;
  33   1                       do
  34   1                       {
  35   2                    i = MAIN_Fosc / 13000;
  36   2                                      while(--i)      ;   //14T per loop
  37   2           }
  38   1                       while(--ms);
  39   1      }


MODULE INFORMATION:   STATIC OVERLAYABLE
   CODE SIZE        =     23    ----
   CONSTANT SIZE    =   ----    ----
   XDATA SIZE       =   ----    ----
   PDATA SIZE       =   ----    ----
   DATA SIZE        =   ----    ----
   IDATA SIZE       =   ----    ----
   BIT SIZE         =   ----    ----
   EDATA SIZE       =   ----    ----
   HDATA SIZE       =   ----    ----
   XDATA CONST SIZE =   ----    ----
   FAR CONST SIZE   =   ----    ----
C51 COMPILER V9.00   STC15_DELAY                                                           09/28/2015 22:11:36 PAGE 2   

END OF MODULE INFORMATION.


C51 COMPILATION COMPLETE.  0 WARNING(S),  0 ERROR(S)
